Library/Bee/Android/Prj/Mono2x/Gradle/launcher/build/intermediates/manifest_merge_blame_file/release/manifest-merger-blame-release-report.txt
1<?xml version="1.0" encoding="utf-8"?>
2<manifest xmlns:android="http://schemas.android.com/apk/res/android"
3    package="com.DefaultCompany.LeaderBoard"
4    android:installLocation="preferExternal"
5    android:versionCode="1"
6    android:versionName="1.0.2" >
7
8    <uses-sdk
9        android:minSdkVersion="22"
9-->src\main\AndroidManifest.xml
10        android:targetSdkVersion="30" />
10-->src\main\AndroidManifest.xml
11
12    <supports-screens
12-->src\main\AndroidManifest.xml:3:3-163
13        android:anyDensity="true"
13-->src\main\AndroidManifest.xml:3:135-160
14        android:largeScreens="true"
14-->src\main\AndroidManifest.xml:3:78-105
15        android:normalScreens="true"
15-->src\main\AndroidManifest.xml:3:49-77
16        android:smallScreens="true"
16-->src\main\AndroidManifest.xml:3:21-48
17        android:xlargeScreens="true" />
17-->src\main\AndroidManifest.xml:3:106-134
18
19    <uses-feature android:glEsVersion="0x00030000" />
19-->[:unityLibrary] AndroidManifest.xml:12:5-54
19-->[:unityLibrary] AndroidManifest.xml:12:19-51
20    <uses-feature
20-->[:unityLibrary] AndroidManifest.xml:13:5-15:36
21        android:name="android.hardware.vulkan.version"
21-->[:unityLibrary] AndroidManifest.xml:14:9-55
22        android:required="false" />
22-->[:unityLibrary] AndroidManifest.xml:15:9-33
23
24    <uses-permission android:name="android.permission.INTERNET" />
24-->[:unityLibrary] AndroidManifest.xml:17:5-67
24-->[:unityLibrary] AndroidManifest.xml:17:22-64
25    <uses-permission android:name="android.permission.ACCESS_NETWORK_STATE" />
25-->[:unityLibrary] AndroidManifest.xml:18:5-79
25-->[:unityLibrary] AndroidManifest.xml:18:22-76
26
27    <uses-feature
27-->[:unityLibrary] AndroidManifest.xml:20:5-22:36
28        android:name="android.hardware.touchscreen"
28-->[:unityLibrary] AndroidManifest.xml:21:9-52
29        android:required="false" />
29-->[:unityLibrary] AndroidManifest.xml:22:9-33
30    <uses-feature
30-->[:unityLibrary] AndroidManifest.xml:23:5-25:36
31        android:name="android.hardware.touchscreen.multitouch"
31-->[:unityLibrary] AndroidManifest.xml:24:9-63
32        android:required="false" />
32-->[:unityLibrary] AndroidManifest.xml:25:9-33
33    <uses-feature
33-->[:unityLibrary] AndroidManifest.xml:26:5-28:36
34        android:name="android.hardware.touchscreen.multitouch.distinct"
34-->[:unityLibrary] AndroidManifest.xml:27:9-72
35        android:required="false" /> <!-- Include required permissions for Advertising Id -->
35-->[:unityLibrary] AndroidManifest.xml:28:9-33
36    <uses-permission android:name="com.google.android.gms.permission.AD_ID" />
36-->[:com.google.android.gms.play-services-ads-identifier-18.0.0:] AndroidManifest.xml:23:5-79
36-->[:com.google.android.gms.play-services-ads-identifier-18.0.0:] AndroidManifest.xml:23:22-76
37    <uses-permission android:name="android.permission.WAKE_LOCK" />
37-->[:com.google.android.gms.play-services-measurement-impl-21.2.1:] AndroidManifest.xml:25:5-68
37-->[:com.google.android.gms.play-services-measurement-impl-21.2.1:] AndroidManifest.xml:25:22-65
38    <uses-permission android:name="com.google.android.finsky.permission.BIND_GET_INSTALL_REFERRER_SERVICE" />
38-->[:com.google.android.gms.play-services-measurement-impl-21.2.1:] AndroidManifest.xml:26:5-110
38-->[:com.google.android.gms.play-services-measurement-impl-21.2.1:] AndroidManifest.xml:26:22-107
39
40    <application
40-->src\main\AndroidManifest.xml:4:3-83
41        android:appComponentFactory="androidx.core.app.CoreComponentFactory"
41-->[:androidx.core.core-1.2.0:] AndroidManifest.xml:24:18-86
42        android:extractNativeLibs="true"
42-->[:unityLibrary] AndroidManifest.xml:30:18-50
43        android:icon="@mipmap/app_icon"
43-->src\main\AndroidManifest.xml:4:49-80
44        android:label="@string/app_name" >
44-->src\main\AndroidManifest.xml:4:16-48
45        <activity
45-->[:unityLibrary] AndroidManifest.xml:31:9-51:20
46            android:name="com.unity3d.player.UnityPlayerActivity"
46-->[:unityLibrary] AndroidManifest.xml:32:13-66
47            android:configChanges="mcc|mnc|locale|touchscreen|keyboard|keyboardHidden|navigation|orientation|screenLayout|uiMode|screenSize|smallestScreenSize|fontScale|layoutDirection|density"
47-->[:unityLibrary] AndroidManifest.xml:33:13-194
48            android:hardwareAccelerated="false"
48-->[:unityLibrary] AndroidManifest.xml:34:13-48
49            android:launchMode="singleTask"
49-->[:unityLibrary] AndroidManifest.xml:35:13-44
50            android:resizeableActivity="false"
50-->[:unityLibrary] AndroidManifest.xml:36:13-47
51            android:screenOrientation="fullUser"
51-->[:unityLibrary] AndroidManifest.xml:37:13-49
52            android:theme="@style/UnityThemeSelector" >
52-->[:unityLibrary] AndroidManifest.xml:38:13-54
53            <intent-filter>
53-->[:unityLibrary] AndroidManifest.xml:39:13-43:29
54                <action android:name="android.intent.action.MAIN" />
54-->[:unityLibrary] AndroidManifest.xml:40:17-69
54-->[:unityLibrary] AndroidManifest.xml:40:25-66
55
56                <category android:name="android.intent.category.LAUNCHER" />
56-->[:unityLibrary] AndroidManifest.xml:42:17-77
56-->[:unityLibrary] AndroidManifest.xml:42:27-74
57            </intent-filter>
58
59            <meta-data
59-->[:unityLibrary] AndroidManifest.xml:45:13-47:40
60                android:name="unityplayer.UnityActivity"
60-->[:unityLibrary] AndroidManifest.xml:46:17-57
61                android:value="true" />
61-->[:unityLibrary] AndroidManifest.xml:47:17-37
62            <meta-data
62-->[:unityLibrary] AndroidManifest.xml:48:13-50:40
63                android:name="android.notch_support"
63-->[:unityLibrary] AndroidManifest.xml:49:17-53
64                android:value="true" />
64-->[:unityLibrary] AndroidManifest.xml:50:17-37
65        </activity>
66
67        <meta-data
67-->[:unityLibrary] AndroidManifest.xml:53:9-55:33
68            android:name="unity.splash-mode"
68-->[:unityLibrary] AndroidManifest.xml:54:13-45
69            android:value="0" />
69-->[:unityLibrary] AndroidManifest.xml:55:13-30
70        <meta-data
70-->[:unityLibrary] AndroidManifest.xml:56:9-58:36
71            android:name="unity.splash-enable"
71-->[:unityLibrary] AndroidManifest.xml:57:13-47
72            android:value="True" />
72-->[:unityLibrary] AndroidManifest.xml:58:13-33
73        <meta-data
73-->[:unityLibrary] AndroidManifest.xml:59:9-61:36
74            android:name="unity.launch-fullscreen"
74-->[:unityLibrary] AndroidManifest.xml:60:13-51
75            android:value="True" />
75-->[:unityLibrary] AndroidManifest.xml:61:13-33
76        <meta-data
76-->[:unityLibrary] AndroidManifest.xml:62:9-64:37
77            android:name="unity.allow-resizable-window"
77-->[:unityLibrary] AndroidManifest.xml:63:13-56
78            android:value="False" />
78-->[:unityLibrary] AndroidManifest.xml:64:13-34
79        <meta-data
79-->[:unityLibrary] AndroidManifest.xml:65:9-67:50
80            android:name="notch.config"
80-->[:unityLibrary] AndroidManifest.xml:66:13-40
81            android:value="portrait|landscape" />
81-->[:unityLibrary] AndroidManifest.xml:67:13-47
82
83        <receiver
83-->[:unityLibrary] AndroidManifest.xml:69:9-71:40
84            android:name="com.unity.androidnotifications.UnityNotificationManager"
84-->[:unityLibrary] AndroidManifest.xml:70:13-83
85            android:exported="false" />
85-->[:unityLibrary] AndroidManifest.xml:71:13-37
86        <receiver
86-->[:unityLibrary] AndroidManifest.xml:72:9-79:20
87            android:name="com.unity.androidnotifications.UnityNotificationRestartOnBootReceiver"
87-->[:unityLibrary] AndroidManifest.xml:73:13-97
88            android:enabled="false"
88-->[:unityLibrary] AndroidManifest.xml:74:13-36
89            android:exported="false" >
89-->[:unityLibrary] AndroidManifest.xml:75:13-37
90            <intent-filter>
90-->[:unityLibrary] AndroidManifest.xml:76:13-78:29
91                <action android:name="android.intent.action.BOOT_COMPLETED" />
91-->[:unityLibrary] AndroidManifest.xml:77:17-79
91-->[:unityLibrary] AndroidManifest.xml:77:25-76
92            </intent-filter>
93        </receiver>
94
95        <activity
95-->[:com.google.android.gms.play-services-base-18.2.0:] AndroidManifest.xml:20:9-22:45
96            android:name="com.google.android.gms.common.api.GoogleApiActivity"
96-->[:com.google.android.gms.play-services-base-18.2.0:] AndroidManifest.xml:20:19-85
97            android:exported="false"
97-->[:com.google.android.gms.play-services-base-18.2.0:] AndroidManifest.xml:22:19-43
98            android:theme="@android:style/Theme.Translucent.NoTitleBar" />
98-->[:com.google.android.gms.play-services-base-18.2.0:] AndroidManifest.xml:21:19-78
99
100        <meta-data
100-->[:com.google.android.gms.play-services-basement-18.1.0:] AndroidManifest.xml:21:9-23:69
101            android:name="com.google.android.gms.version"
101-->[:com.google.android.gms.play-services-basement-18.1.0:] AndroidManifest.xml:22:13-58
102            android:value="@integer/google_play_services_version" />
102-->[:com.google.android.gms.play-services-basement-18.1.0:] AndroidManifest.xml:23:13-66
103
104        <service
104-->[:com.google.android.gms.play-services-measurement-api-21.2.1:] AndroidManifest.xml:28:9-34:19
105            android:name="com.google.firebase.components.ComponentDiscoveryService"
105-->[:com.google.android.gms.play-services-measurement-api-21.2.1:] AndroidManifest.xml:29:13-84
106            android:directBootAware="true"
106-->[:com.google.firebase.firebase-common-20.3.2:] AndroidManifest.xml:21:86-116
107            android:exported="false" >
107-->[:com.google.android.gms.play-services-measurement-api-21.2.1:] AndroidManifest.xml:30:13-37
108            <meta-data
108-->[:com.google.android.gms.play-services-measurement-api-21.2.1:] AndroidManifest.xml:31:13-33:85
109                android:name="com.google.firebase.components:com.google.firebase.analytics.connector.internal.AnalyticsConnectorRegistrar"
109-->[:com.google.android.gms.play-services-measurement-api-21.2.1:] AndroidManifest.xml:32:17-139
110                android:value="com.google.firebase.components.ComponentRegistrar" />
110-->[:com.google.android.gms.play-services-measurement-api-21.2.1:] AndroidManifest.xml:33:17-82
111            <meta-data
111-->[:com.google.firebase.firebase-auth-21.2.0:] AndroidManifest.xml:69:13-71:85
112                android:name="com.google.firebase.components:com.google.firebase.auth.FirebaseAuthRegistrar"
112-->[:com.google.firebase.firebase-auth-21.2.0:] AndroidManifest.xml:70:17-109
113                android:value="com.google.firebase.components.ComponentRegistrar" />
113-->[:com.google.firebase.firebase-auth-21.2.0:] AndroidManifest.xml:71:17-82
114            <meta-data
114-->[:com.google.firebase.firebase-database-20.1.0:] AndroidManifest.xml:31:13-33:85
115                android:name="com.google.firebase.components:com.google.firebase.database.DatabaseRegistrar"
115-->[:com.google.firebase.firebase-database-20.1.0:] AndroidManifest.xml:32:17-109
116                android:value="com.google.firebase.components.ComponentRegistrar" />
116-->[:com.google.firebase.firebase-database-20.1.0:] AndroidManifest.xml:33:17-82
117            <meta-data
117-->[:com.google.firebase.firebase-installations-17.0.1:] AndroidManifest.xml:18:13-20:85
118                android:name="com.google.firebase.components:com.google.firebase.installations.FirebaseInstallationsRegistrar"
118-->[:com.google.firebase.firebase-installations-17.0.1:] AndroidManifest.xml:19:17-127
119                android:value="com.google.firebase.components.ComponentRegistrar" />
119-->[:com.google.firebase.firebase-installations-17.0.1:] AndroidManifest.xml:20:17-82
120            <meta-data
120-->[:com.google.firebase.firebase-storage-20.1.0:] AndroidManifest.xml:32:13-34:85
121                android:name="com.google.firebase.components:com.google.firebase.storage.StorageRegistrar"
121-->[:com.google.firebase.firebase-storage-20.1.0:] AndroidManifest.xml:33:17-107
122                android:value="com.google.firebase.components.ComponentRegistrar" />
122-->[:com.google.firebase.firebase-storage-20.1.0:] AndroidManifest.xml:34:17-82
123        </service>
124
125        <provider
125-->[:com.google.firebase.firebase-common-20.3.2:] AndroidManifest.xml:20:5-236
126            android:name="com.google.firebase.provider.FirebaseInitProvider"
126-->[:com.google.firebase.firebase-common-20.3.2:] AndroidManifest.xml:20:15-79
127            android:authorities="com.DefaultCompany.LeaderBoard.firebaseinitprovider"
127-->[:com.google.firebase.firebase-common-20.3.2:] AndroidManifest.xml:20:80-153
128            android:directBootAware="true"
128-->[:com.google.firebase.firebase-common-20.3.2:] AndroidManifest.xml:20:154-184
129            android:exported="false"
129-->[:com.google.firebase.firebase-common-20.3.2:] AndroidManifest.xml:20:185-209
130            android:initOrder="100" />
130-->[:com.google.firebase.firebase-common-20.3.2:] AndroidManifest.xml:20:210-233
131
132        <activity
132-->[:com.google.firebase.firebase-auth-21.2.0:] AndroidManifest.xml:29:9-46:20
133            android:name="com.google.firebase.auth.internal.GenericIdpActivity"
133-->[:com.google.firebase.firebase-auth-21.2.0:] AndroidManifest.xml:30:13-80
134            android:excludeFromRecents="true"
134-->[:com.google.firebase.firebase-auth-21.2.0:] AndroidManifest.xml:31:13-46
135            android:exported="true"
135-->[:com.google.firebase.firebase-auth-21.2.0:] AndroidManifest.xml:32:13-36
136            android:launchMode="singleTask"
136-->[:com.google.firebase.firebase-auth-21.2.0:] AndroidManifest.xml:33:13-44
137            android:theme="@android:style/Theme.Translucent.NoTitleBar" >
137-->[:com.google.firebase.firebase-auth-21.2.0:] AndroidManifest.xml:34:13-72
138            <intent-filter>
138-->[:com.google.firebase.firebase-auth-21.2.0:] AndroidManifest.xml:35:13-45:29
139                <action android:name="android.intent.action.VIEW" />
139-->[:com.google.firebase.firebase-auth-21.2.0:] AndroidManifest.xml:36:17-69
139-->[:com.google.firebase.firebase-auth-21.2.0:] AndroidManifest.xml:36:25-66
140
141                <category android:name="android.intent.category.DEFAULT" />
141-->[:com.google.firebase.firebase-auth-21.2.0:] AndroidManifest.xml:38:17-76
141-->[:com.google.firebase.firebase-auth-21.2.0:] AndroidManifest.xml:38:27-73
142                <category android:name="android.intent.category.BROWSABLE" />
142-->[:com.google.firebase.firebase-auth-21.2.0:] AndroidManifest.xml:39:17-78
142-->[:com.google.firebase.firebase-auth-21.2.0:] AndroidManifest.xml:39:27-75
143
144                <data
144-->[:com.google.firebase.firebase-auth-21.2.0:] AndroidManifest.xml:41:17-44:51
145                    android:host="firebase.auth"
145-->[:com.google.firebase.firebase-auth-21.2.0:] AndroidManifest.xml:42:21-49
146                    android:path="/"
146-->[:com.google.firebase.firebase-auth-21.2.0:] AndroidManifest.xml:43:21-37
147                    android:scheme="genericidp" />
147-->[:com.google.firebase.firebase-auth-21.2.0:] AndroidManifest.xml:44:21-48
148            </intent-filter>
149        </activity>
150        <activity
150-->[:com.google.firebase.firebase-auth-21.2.0:] AndroidManifest.xml:47:9-64:20
151            android:name="com.google.firebase.auth.internal.RecaptchaActivity"
151-->[:com.google.firebase.firebase-auth-21.2.0:] AndroidManifest.xml:48:13-79
152            android:excludeFromRecents="true"
152-->[:com.google.firebase.firebase-auth-21.2.0:] AndroidManifest.xml:49:13-46
153            android:exported="true"
153-->[:com.google.firebase.firebase-auth-21.2.0:] AndroidManifest.xml:50:13-36
154            android:launchMode="singleTask"
154-->[:com.google.firebase.firebase-auth-21.2.0:] AndroidManifest.xml:51:13-44
155            android:theme="@android:style/Theme.Translucent.NoTitleBar" >
155-->[:com.google.firebase.firebase-auth-21.2.0:] AndroidManifest.xml:52:13-72
156            <intent-filter>
156-->[:com.google.firebase.firebase-auth-21.2.0:] AndroidManifest.xml:53:13-63:29
157                <action android:name="android.intent.action.VIEW" />
157-->[:com.google.firebase.firebase-auth-21.2.0:] AndroidManifest.xml:36:17-69
157-->[:com.google.firebase.firebase-auth-21.2.0:] AndroidManifest.xml:36:25-66
158
159                <category android:name="android.intent.category.DEFAULT" />
159-->[:com.google.firebase.firebase-auth-21.2.0:] AndroidManifest.xml:38:17-76
159-->[:com.google.firebase.firebase-auth-21.2.0:] AndroidManifest.xml:38:27-73
160                <category android:name="android.intent.category.BROWSABLE" />
160-->[:com.google.firebase.firebase-auth-21.2.0:] AndroidManifest.xml:39:17-78
160-->[:com.google.firebase.firebase-auth-21.2.0:] AndroidManifest.xml:39:27-75
161
162                <data
162-->[:com.google.firebase.firebase-auth-21.2.0:] AndroidManifest.xml:41:17-44:51
163                    android:host="firebase.auth"
163-->[:com.google.firebase.firebase-auth-21.2.0:] AndroidManifest.xml:42:21-49
164                    android:path="/"
164-->[:com.google.firebase.firebase-auth-21.2.0:] AndroidManifest.xml:43:21-37
165                    android:scheme="recaptcha" />
165-->[:com.google.firebase.firebase-auth-21.2.0:] AndroidManifest.xml:44:21-48
166            </intent-filter>
167        </activity>
168
169        <receiver
169-->[:com.google.android.gms.play-services-measurement-21.2.1:] AndroidManifest.xml:29:9-33:20
170            android:name="com.google.android.gms.measurement.AppMeasurementReceiver"
170-->[:com.google.android.gms.play-services-measurement-21.2.1:] AndroidManifest.xml:30:13-85
171            android:enabled="true"
171-->[:com.google.android.gms.play-services-measurement-21.2.1:] AndroidManifest.xml:31:13-35
172            android:exported="false" >
172-->[:com.google.android.gms.play-services-measurement-21.2.1:] AndroidManifest.xml:32:13-37
173        </receiver>
174
175        <service
175-->[:com.google.android.gms.play-services-measurement-21.2.1:] AndroidManifest.xml:35:9-38:40
176            android:name="com.google.android.gms.measurement.AppMeasurementService"
176-->[:com.google.android.gms.play-services-measurement-21.2.1:] AndroidManifest.xml:36:13-84
177            android:enabled="true"
177-->[:com.google.android.gms.play-services-measurement-21.2.1:] AndroidManifest.xml:37:13-35
178            android:exported="false" />
178-->[:com.google.android.gms.play-services-measurement-21.2.1:] AndroidManifest.xml:38:13-37
179        <service
179-->[:com.google.android.gms.play-services-measurement-21.2.1:] AndroidManifest.xml:39:9-43:72
180            android:name="com.google.android.gms.measurement.AppMeasurementJobService"
180-->[:com.google.android.gms.play-services-measurement-21.2.1:] AndroidManifest.xml:40:13-87
181            android:enabled="true"
181-->[:com.google.android.gms.play-services-measurement-21.2.1:] AndroidManifest.xml:41:13-35
182            android:exported="false"
182-->[:com.google.android.gms.play-services-measurement-21.2.1:] AndroidManifest.xml:42:13-37
183            android:permission="android.permission.BIND_JOB_SERVICE" />
183-->[:com.google.android.gms.play-services-measurement-21.2.1:] AndroidManifest.xml:43:13-69
184    </application>
185
186</manifest>